{"C:\\Users\\aliul\\Desktop\\bist-elite-ai\\apps\\api\\src\\modules\\workflow\\workflow.engine.ts": {"path":"C:\\Users\\aliul\\Desktop\\bist-elite-ai\\apps\\api\\src\\modules\\workflow\\workflow.engine.ts","statementMap":{"0":{"start":{"line":1,"column":0},"end":{"line":1,"column":44}},"1":{"start":{"line":12,"column":0},"end":{"line":12,"column":76}},"2":{"start":{"line":13,"column":0},"end":{"line":13,"column":63}},"3":{"start":{"line":14,"column":0},"end":{"line":14,"column":93}},"4":{"start":{"line":16,"column":21},"end":{"line":16,"column":22}},"5":{"start":{"line":18,"column":68},"end":{"line":26,"column":2}},"6":{"start":{"line":29,"column":7},"end":{"line":476,"column":null}},"7":{"start":{"line":45,"column":21},"end":{"line":45,"column":32}},"8":{"start":{"line":46,"column":21},"end":{"line":46,"column":42}},"9":{"start":{"line":31,"column":19},"end":{"line":31,"column":67}},"10":{"start":{"line":32,"column":19},"end":{"line":32,"column":52}},"11":{"start":{"line":33,"column":19},"end":{"line":33,"column":69}},"12":{"start":{"line":34,"column":19},"end":{"line":34,"column":79}},"13":{"start":{"line":35,"column":19},"end":{"line":35,"column":49}},"14":{"start":{"line":36,"column":10},"end":{"line":36,"column":27}},"15":{"start":{"line":37,"column":10},"end":{"line":37,"column":29}},"16":{"start":{"line":38,"column":10},"end":{"line":38,"column":26}},"17":{"start":{"line":39,"column":10},"end":{"line":39,"column":29}},"18":{"start":{"line":40,"column":10},"end":{"line":40,"column":28}},"19":{"start":{"line":41,"column":10},"end":{"line":41,"column":30}},"20":{"start":{"line":48,"column":4},"end":{"line":48,"column":60}},"21":{"start":{"line":52,"column":15},"end":{"line":52,"column":68}},"22":{"start":{"line":53,"column":23},"end":{"line":53,"column":46}},"23":{"start":{"line":55,"column":32},"end":{"line":64,"column":7}},"24":{"start":{"line":55,"column":61},"end":{"line":64,"column":6}},"25":{"start":{"line":66,"column":39},"end":{"line":80,"column":6}},"26":{"start":{"line":82,"column":4},"end":{"line":82,"column":37}},"27":{"start":{"line":83,"column":4},"end":{"line":83,"column":24}},"28":{"start":{"line":85,"column":4},"end":{"line":85,"column":83}},"29":{"start":{"line":87,"column":4},"end":{"line":87,"column":20}},"30":{"start":{"line":91,"column":15},"end":{"line":91,"column":45}},"31":{"start":{"line":92,"column":4},"end":{"line":92,"column":26}},"32":{"start":{"line":92,"column":13},"end":{"line":92,"column":26}},"33":{"start":{"line":93,"column":4},"end":{"line":93,"column":53}},"34":{"start":{"line":93,"column":40},"end":{"line":93,"column":53}},"35":{"start":{"line":95,"column":4},"end":{"line":98,"column":5}},"36":{"start":{"line":96,"column":6},"end":{"line":96,"column":37}},"37":{"start":{"line":97,"column":6},"end":{"line":97,"column":19}},"38":{"start":{"line":100,"column":4},"end":{"line":100,"column":98}},"39":{"start":{"line":101,"column":4},"end":{"line":101,"column":16}},"40":{"start":{"line":105,"column":15},"end":{"line":105,"column":45}},"41":{"start":{"line":106,"column":4},"end":{"line":106,"column":66}},"42":{"start":{"line":106,"column":13},"end":{"line":106,"column":66}},"43":{"start":{"line":108,"column":4},"end":{"line":110,"column":5}},"44":{"start":{"line":109,"column":6},"end":{"line":109,"column":73}},"45":{"start":{"line":112,"column":4},"end":{"line":112,"column":44}},"46":{"start":{"line":113,"column":20},"end":{"line":113,"column":30}},"47":{"start":{"line":115,"column":4},"end":{"line":115,"column":80}},"48":{"start":{"line":116,"column":4},"end":{"line":116,"column":77}},"49":{"start":{"line":118,"column":23},"end":{"line":118,"column":49}},"50":{"start":{"line":119,"column":22},"end":{"line":119,"column":42}},"51":{"start":{"line":121,"column":4},"end":{"line":121,"column":45}},"52":{"start":{"line":123,"column":4},"end":{"line":251,"column":5}},"53":{"start":{"line":124,"column":6},"end":{"line":243,"column":7}},"54":{"start":{"line":124,"column":19},"end":{"line":124,"column":20}},"55":{"start":{"line":125,"column":8},"end":{"line":135,"column":9}},"56":{"start":{"line":126,"column":10},"end":{"line":126,"column":43}},"57":{"start":{"line":127,"column":10},"end":{"line":127,"column":52}},"58":{"start":{"line":128,"column":10},"end":{"line":128,"column":91}},"59":{"start":{"line":129,"column":10},"end":{"line":129,"column":32}},"60":{"start":{"line":130,"column":10},"end":{"line":130,"column":48}},"61":{"start":{"line":131,"column":10},"end":{"line":131,"column":32}},"62":{"start":{"line":132,"column":10},"end":{"line":132,"column":111}},"63":{"start":{"line":133,"column":10},"end":{"line":133,"column":35}},"64":{"start":{"line":134,"column":10},"end":{"line":134,"column":20}},"65":{"start":{"line":137,"column":24},"end":{"line":137,"column":43}},"66":{"start":{"line":138,"column":27},"end":{"line":138,"column":38}},"67":{"start":{"line":140,"column":8},"end":{"line":140,"column":38}},"68":{"start":{"line":141,"column":8},"end":{"line":141,"column":56}},"69":{"start":{"line":142,"column":8},"end":{"line":142,"column":31}},"70":{"start":{"line":143,"column":8},"end":{"line":143,"column":38}},"71":{"start":{"line":144,"column":8},"end":{"line":144,"column":70}},"72":{"start":{"line":146,"column":24},"end":{"line":146,"column":99}},"73":{"start":{"line":148,"column":8},"end":{"line":152,"column":11}},"74":{"start":{"line":154,"column":8},"end":{"line":166,"column":9}},"75":{"start":{"line":155,"column":10},"end":{"line":160,"column":11}},"76":{"start":{"line":156,"column":12},"end":{"line":156,"column":42}},"77":{"start":{"line":157,"column":12},"end":{"line":157,"column":62}},"78":{"start":{"line":158,"column":12},"end":{"line":158,"column":55}},"79":{"start":{"line":159,"column":12},"end":{"line":159,"column":21}},"80":{"start":{"line":161,"column":10},"end":{"line":161,"column":39}},"81":{"start":{"line":162,"column":10},"end":{"line":162,"column":60}},"82":{"start":{"line":163,"column":10},"end":{"line":163,"column":88}},"83":{"start":{"line":164,"column":10},"end":{"line":164,"column":53}},"84":{"start":{"line":165,"column":10},"end":{"line":165,"column":20}},"85":{"start":{"line":168,"column":26},"end":{"line":168,"column":36}},"86":{"start":{"line":169,"column":26},"end":{"line":169,"column":31}},"87":{"start":{"line":170,"column":39},"end":{"line":170,"column":43}},"88":{"start":{"line":172,"column":28},"end":{"line":172,"column":53}},"89":{"start":{"line":173,"column":8},"end":{"line":189,"column":9}},"90":{"start":{"line":173,"column":27},"end":{"line":173,"column":28}},"91":{"start":{"line":174,"column":10},"end":{"line":174,"column":52}},"92":{"start":{"line":174,"column":46},"end":{"line":174,"column":52}},"93":{"start":{"line":176,"column":10},"end":{"line":176,"column":43}},"94":{"start":{"line":177,"column":10},"end":{"line":188,"column":11}},"95":{"start":{"line":178,"column":27},"end":{"line":178,"column":58}},"96":{"start":{"line":179,"column":12},"end":{"line":179,"column":47}},"97":{"start":{"line":180,"column":12},"end":{"line":180,"column":31}},"98":{"start":{"line":181,"column":12},"end":{"line":181,"column":18}},"99":{"start":{"line":183,"column":12},"end":{"line":183,"column":73}},"100":{"start":{"line":184,"column":12},"end":{"line":187,"column":13}},"101":{"start":{"line":185,"column":28},"end":{"line":185,"column":110}},"102":{"start":{"line":186,"column":14},"end":{"line":186,"column":38}},"103":{"start":{"line":191,"column":29},"end":{"line":191,"column":51}},"104":{"start":{"line":192,"column":8},"end":{"line":192,"column":45}},"105":{"start":{"line":193,"column":8},"end":{"line":193,"column":58}},"106":{"start":{"line":195,"column":8},"end":{"line":199,"column":11}},"107":{"start":{"line":201,"column":8},"end":{"line":212,"column":9}},"108":{"start":{"line":202,"column":10},"end":{"line":202,"column":39}},"109":{"start":{"line":203,"column":10},"end":{"line":203,"column":43}},"110":{"start":{"line":204,"column":10},"end":{"line":204,"column":52}},"111":{"start":{"line":205,"column":10},"end":{"line":205,"column":91}},"112":{"start":{"line":206,"column":10},"end":{"line":206,"column":32}},"113":{"start":{"line":207,"column":10},"end":{"line":207,"column":48}},"114":{"start":{"line":208,"column":10},"end":{"line":208,"column":32}},"115":{"start":{"line":209,"column":10},"end":{"line":209,"column":106}},"116":{"start":{"line":210,"column":10},"end":{"line":210,"column":35}},"117":{"start":{"line":211,"column":10},"end":{"line":211,"column":20}},"118":{"start":{"line":214,"column":8},"end":{"line":242,"column":9}},"119":{"start":{"line":215,"column":10},"end":{"line":215,"column":42}},"120":{"start":{"line":216,"column":10},"end":{"line":216,"column":34}},"121":{"start":{"line":217,"column":10},"end":{"line":221,"column":13}},"122":{"start":{"line":223,"column":10},"end":{"line":241,"column":11}},"123":{"start":{"line":224,"column":12},"end":{"line":224,"column":42}},"124":{"start":{"line":225,"column":12},"end":{"line":225,"column":41}},"125":{"start":{"line":226,"column":12},"end":{"line":230,"column":15}},"126":{"start":{"line":232,"column":12},"end":{"line":232,"column":41}},"127":{"start":{"line":233,"column":12},"end":{"line":233,"column":41}},"128":{"start":{"line":234,"column":12},"end":{"line":238,"column":15}},"129":{"start":{"line":239,"column":12},"end":{"line":239,"column":55}},"130":{"start":{"line":240,"column":12},"end":{"line":240,"column":22}},"131":{"start":{"line":245,"column":6},"end":{"line":245,"column":24}},"132":{"start":{"line":246,"column":6},"end":{"line":246,"column":28}},"133":{"start":{"line":247,"column":6},"end":{"line":247,"column":52}},"134":{"start":{"line":248,"column":6},"end":{"line":248,"column":16}},"135":{"start":{"line":250,"column":6},"end":{"line":250,"column":31}},"136":{"start":{"line":255,"column":15},"end":{"line":255,"column":45}},"137":{"start":{"line":256,"column":4},"end":{"line":256,"column":26}},"138":{"start":{"line":256,"column":13},"end":{"line":256,"column":26}},"139":{"start":{"line":258,"column":4},"end":{"line":260,"column":5}},"140":{"start":{"line":259,"column":6},"end":{"line":259,"column":19}},"141":{"start":{"line":262,"column":4},"end":{"line":262,"column":35}},"142":{"start":{"line":264,"column":4},"end":{"line":273,"column":5}},"143":{"start":{"line":265,"column":6},"end":{"line":265,"column":39}},"144":{"start":{"line":266,"column":6},"end":{"line":266,"column":48}},"145":{"start":{"line":267,"column":6},"end":{"line":267,"column":87}},"146":{"start":{"line":268,"column":6},"end":{"line":268,"column":28}},"147":{"start":{"line":269,"column":6},"end":{"line":269,"column":44}},"148":{"start":{"line":270,"column":6},"end":{"line":270,"column":28}},"149":{"start":{"line":271,"column":6},"end":{"line":271,"column":84}},"150":{"start":{"line":272,"column":6},"end":{"line":272,"column":31}},"151":{"start":{"line":275,"column":4},"end":{"line":275,"column":16}},"152":{"start":{"line":279,"column":4},"end":{"line":279,"column":62}},"153":{"start":{"line":283,"column":4},"end":{"line":283,"column":42}},"154":{"start":{"line":287,"column":18},"end":{"line":287,"column":53}},"155":{"start":{"line":288,"column":4},"end":{"line":290,"column":5}},"156":{"start":{"line":289,"column":6},"end":{"line":289,"column":67}},"157":{"start":{"line":289,"column":38},"end":{"line":289,"column":65}},"158":{"start":{"line":291,"column":4},"end":{"line":293,"column":5}},"159":{"start":{"line":292,"column":6},"end":{"line":292,"column":63}},"160":{"start":{"line":292,"column":38},"end":{"line":292,"column":61}},"161":{"start":{"line":294,"column":4},"end":{"line":294,"column":19}},"162":{"start":{"line":298,"column":18},"end":{"line":298,"column":35}},"163":{"start":{"line":299,"column":4},"end":{"line":301,"column":5}},"164":{"start":{"line":300,"column":6},"end":{"line":300,"column":63}},"165":{"start":{"line":300,"column":38},"end":{"line":300,"column":61}},"166":{"start":{"line":302,"column":4},"end":{"line":304,"column":5}},"167":{"start":{"line":303,"column":6},"end":{"line":303,"column":67}},"168":{"start":{"line":303,"column":38},"end":{"line":303,"column":65}},"169":{"start":{"line":305,"column":4},"end":{"line":307,"column":5}},"170":{"start":{"line":306,"column":6},"end":{"line":306,"column":46}},"171":{"start":{"line":308,"column":4},"end":{"line":308,"column":19}},"172":{"start":{"line":312,"column":28},"end":{"line":314,"column":12}},"173":{"start":{"line":313,"column":13},"end":{"line":313,"column":86}},"174":{"start":{"line":316,"column":97},"end":{"line":321,"column":6}},"175":{"start":{"line":323,"column":4},"end":{"line":327,"column":5}},"176":{"start":{"line":324,"column":6},"end":{"line":324,"column":31}},"177":{"start":{"line":325,"column":6},"end":{"line":325,"column":63}},"178":{"start":{"line":325,"column":36},"end":{"line":325,"column":63}},"179":{"start":{"line":326,"column":6},"end":{"line":326,"column":57}},"180":{"start":{"line":326,"column":33},"end":{"line":326,"column":57}},"181":{"start":{"line":329,"column":27},"end":{"line":329,"column":46}},"182":{"start":{"line":330,"column":26},"end":{"line":330,"column":88}},"183":{"start":{"line":332,"column":4},"end":{"line":341,"column":6}},"184":{"start":{"line":345,"column":28},"end":{"line":346,"column":null}},"185":{"start":{"line":346,"column":13},"end":{"line":346,"column":86}},"186":{"start":{"line":349,"column":4},"end":{"line":353,"column":6}},"187":{"start":{"line":357,"column":4},"end":{"line":364,"column":6}},"188":{"start":{"line":368,"column":4},"end":{"line":368,"column":28}},"189":{"start":{"line":372,"column":4},"end":{"line":374,"column":5}},"190":{"start":{"line":373,"column":6},"end":{"line":373,"column":26}},"191":{"start":{"line":375,"column":4},"end":{"line":375,"column":26}},"192":{"start":{"line":376,"column":4},"end":{"line":376,"column":27}},"193":{"start":{"line":377,"column":4},"end":{"line":377,"column":27}},"194":{"start":{"line":378,"column":4},"end":{"line":378,"column":28}},"195":{"start":{"line":379,"column":4},"end":{"line":379,"column":26}},"196":{"start":{"line":380,"column":4},"end":{"line":380,"column":28}},"197":{"start":{"line":381,"column":4},"end":{"line":381,"column":25}},"198":{"start":{"line":382,"column":4},"end":{"line":382,"column":28}},"199":{"start":{"line":383,"column":4},"end":{"line":383,"column":27}},"200":{"start":{"line":384,"column":4},"end":{"line":384,"column":29}},"201":{"start":{"line":388,"column":20},"end":{"line":388,"column":48}},"202":{"start":{"line":389,"column":4},"end":{"line":389,"column":44}},"203":{"start":{"line":389,"column":31},"end":{"line":389,"column":44}},"204":{"start":{"line":390,"column":4},"end":{"line":390,"column":19}},"205":{"start":{"line":391,"column":4},"end":{"line":391,"column":16}},"206":{"start":{"line":395,"column":4},"end":{"line":395,"column":46}},"207":{"start":{"line":396,"column":4},"end":{"line":396,"column":41}},"208":{"start":{"line":397,"column":4},"end":{"line":397,"column":26}},"209":{"start":{"line":398,"column":4},"end":{"line":398,"column":64}},"210":{"start":{"line":400,"column":4},"end":{"line":400,"column":37}},"211":{"start":{"line":402,"column":4},"end":{"line":409,"column":5}},"212":{"start":{"line":403,"column":6},"end":{"line":403,"column":28}},"213":{"start":{"line":404,"column":6},"end":{"line":404,"column":44}},"214":{"start":{"line":405,"column":11},"end":{"line":409,"column":5}},"215":{"start":{"line":406,"column":6},"end":{"line":406,"column":25}},"216":{"start":{"line":407,"column":11},"end":{"line":409,"column":5}},"217":{"start":{"line":408,"column":6},"end":{"line":408,"column":27}},"218":{"start":{"line":411,"column":4},"end":{"line":411,"column":26}},"219":{"start":{"line":412,"column":4},"end":{"line":412,"column":123}},"220":{"start":{"line":413,"column":4},"end":{"line":418,"column":7}},"221":{"start":{"line":422,"column":18},"end":{"line":439,"column":17}},"222":{"start":{"line":423,"column":17},"end":{"line":423,"column":47}},"223":{"start":{"line":424,"column":6},"end":{"line":437,"column":7}},"224":{"start":{"line":425,"column":8},"end":{"line":425,"column":39}},"225":{"start":{"line":426,"column":8},"end":{"line":426,"column":50}},"226":{"start":{"line":427,"column":8},"end":{"line":427,"column":89}},"227":{"start":{"line":428,"column":8},"end":{"line":428,"column":29}},"228":{"start":{"line":429,"column":8},"end":{"line":429,"column":46}},"229":{"start":{"line":430,"column":8},"end":{"line":430,"column":30}},"230":{"start":{"line":431,"column":8},"end":{"line":435,"column":11}},"231":{"start":{"line":436,"column":8},"end":{"line":436,"column":92}},"232":{"start":{"line":438,"column":6},"end":{"line":438,"column":39}},"233":{"start":{"line":440,"column":4},"end":{"line":440,"column":41}},"234":{"start":{"line":444,"column":18},"end":{"line":444,"column":47}},"235":{"start":{"line":445,"column":4},"end":{"line":448,"column":5}},"236":{"start":{"line":446,"column":6},"end":{"line":446,"column":26}},"237":{"start":{"line":447,"column":6},"end":{"line":447,"column":39}},"238":{"start":{"line":449,"column":4},"end":{"line":449,"column":38}},"239":{"start":{"line":453,"column":4},"end":{"line":453,"column":26}},"240":{"start":{"line":454,"column":4},"end":{"line":456,"column":5}},"241":{"start":{"line":455,"column":6},"end":{"line":455,"column":79}},"242":{"start":{"line":460,"column":4},"end":{"line":460,"column":60}},"243":{"start":{"line":460,"column":53},"end":{"line":460,"column":60}},"244":{"start":{"line":461,"column":4},"end":{"line":463,"column":52}},"245":{"start":{"line":462,"column":6},"end":{"line":462,"column":84}},"246":{"start":{"line":467,"column":4},"end":{"line":467,"column":83}},"247":{"start":{"line":467,"column":76},"end":{"line":467,"column":83}},"248":{"start":{"line":468,"column":4},"end":{"line":470,"column":55}},"249":{"start":{"line":469,"column":6},"end":{"line":469,"column":72}},"250":{"start":{"line":474,"column":4},"end":{"line":474,"column":61}},"251":{"start":{"line":474,"column":36},"end":{"line":474,"column":59}},"252":{"start":{"line":29,"column":13},"end":{"line":29,"column":27}},"253":{"start":{"line":29,"column":13},"end":{"line":476,"column":null}}},"fnMap":{"0":{"name":"(anonymous_2)","decl":{"start":{"line":43,"column":2},"end":{"line":43,"column":null}},"loc":{"start":{"line":46,"column":66},"end":{"line":49,"column":3}}},"1":{"name":"(anonymous_3)","decl":{"start":{"line":51,"column":2},"end":{"line":51,"column":8}},"loc":{"start":{"line":51,"column":97},"end":{"line":88,"column":3}}},"2":{"name":"(anonymous_4)","decl":{"start":{"line":55,"column":53},"end":{"line":55,"column":54}},"loc":{"start":{"line":55,"column":61},"end":{"line":64,"column":6}}},"3":{"name":"(anonymous_5)","decl":{"start":{"line":90,"column":2},"end":{"line":90,"column":9}},"loc":{"start":{"line":90,"column":28},"end":{"line":102,"column":3}}},"4":{"name":"(anonymous_6)","decl":{"start":{"line":104,"column":2},"end":{"line":104,"column":7}},"loc":{"start":{"line":104,"column":82},"end":{"line":252,"column":3}}},"5":{"name":"(anonymous_7)","decl":{"start":{"line":254,"column":2},"end":{"line":254,"column":8}},"loc":{"start":{"line":254,"column":27},"end":{"line":276,"column":3}}},"6":{"name":"(anonymous_8)","decl":{"start":{"line":278,"column":2},"end":{"line":278,"column":17}},"loc":{"start":{"line":278,"column":92},"end":{"line":280,"column":3}}},"7":{"name":"(anonymous_9)","decl":{"start":{"line":282,"column":2},"end":{"line":282,"column":13}},"loc":{"start":{"line":282,"column":32},"end":{"line":284,"column":3}}},"8":{"name":"(anonymous_10)","decl":{"start":{"line":286,"column":2},"end":{"line":286,"column":14}},"loc":{"start":{"line":286,"column":73},"end":{"line":295,"column":3}}},"9":{"name":"(anonymous_11)","decl":{"start":{"line":289,"column":31},"end":{"line":289,"column":32}},"loc":{"start":{"line":289,"column":38},"end":{"line":289,"column":65}}},"10":{"name":"(anonymous_12)","decl":{"start":{"line":292,"column":31},"end":{"line":292,"column":32}},"loc":{"start":{"line":292,"column":38},"end":{"line":292,"column":61}}},"11":{"name":"(anonymous_13)","decl":{"start":{"line":297,"column":2},"end":{"line":297,"column":12}},"loc":{"start":{"line":297,"column":87},"end":{"line":309,"column":3}}},"12":{"name":"(anonymous_14)","decl":{"start":{"line":300,"column":31},"end":{"line":300,"column":32}},"loc":{"start":{"line":300,"column":38},"end":{"line":300,"column":61}}},"13":{"name":"(anonymous_15)","decl":{"start":{"line":303,"column":31},"end":{"line":303,"column":32}},"loc":{"start":{"line":303,"column":38},"end":{"line":303,"column":65}}},"14":{"name":"(anonymous_16)","decl":{"start":{"line":311,"column":2},"end":{"line":311,"column":10}},"loc":{"start":{"line":311,"column":10},"end":{"line":342,"column":3}}},"15":{"name":"(anonymous_17)","decl":{"start":{"line":313,"column":6},"end":{"line":313,"column":7}},"loc":{"start":{"line":313,"column":13},"end":{"line":313,"column":86}}},"16":{"name":"(anonymous_18)","decl":{"start":{"line":344,"column":2},"end":{"line":344,"column":13}},"loc":{"start":{"line":344,"column":13},"end":{"line":354,"column":3}}},"17":{"name":"(anonymous_19)","decl":{"start":{"line":346,"column":6},"end":{"line":346,"column":7}},"loc":{"start":{"line":346,"column":13},"end":{"line":346,"column":86}}},"18":{"name":"(anonymous_20)","decl":{"start":{"line":356,"column":2},"end":{"line":356,"column":11}},"loc":{"start":{"line":356,"column":11},"end":{"line":365,"column":3}}},"19":{"name":"(anonymous_21)","decl":{"start":{"line":367,"column":2},"end":{"line":367,"column":14}},"loc":{"start":{"line":367,"column":14},"end":{"line":369,"column":3}}},"20":{"name":"(anonymous_22)","decl":{"start":{"line":371,"column":2},"end":{"line":371,"column":10}},"loc":{"start":{"line":371,"column":10},"end":{"line":385,"column":3}}},"21":{"name":"(anonymous_23)","decl":{"start":{"line":387,"column":10},"end":{"line":387,"column":20}},"loc":{"start":{"line":387,"column":61},"end":{"line":392,"column":3}}},"22":{"name":"(anonymous_24)","decl":{"start":{"line":394,"column":10},"end":{"line":394,"column":24}},"loc":{"start":{"line":394,"column":111},"end":{"line":419,"column":3}}},"23":{"name":"(anonymous_25)","decl":{"start":{"line":421,"column":10},"end":{"line":421,"column":22}},"loc":{"start":{"line":421,"column":60},"end":{"line":441,"column":3}}},"24":{"name":"(anonymous_26)","decl":{"start":{"line":422,"column":29},"end":{"line":422,"column":32}},"loc":{"start":{"line":422,"column":34},"end":{"line":439,"column":5}}},"25":{"name":"(anonymous_27)","decl":{"start":{"line":443,"column":10},"end":{"line":443,"column":17}},"loc":{"start":{"line":443,"column":36},"end":{"line":450,"column":3}}},"26":{"name":"(anonymous_28)","decl":{"start":{"line":452,"column":10},"end":{"line":452,"column":22}},"loc":{"start":{"line":452,"column":43},"end":{"line":457,"column":3}}},"27":{"name":"(anonymous_29)","decl":{"start":{"line":459,"column":10},"end":{"line":459,"column":19}},"loc":{"start":{"line":459,"column":70},"end":{"line":464,"column":3}}},"28":{"name":"(anonymous_30)","decl":{"start":{"line":466,"column":10},"end":{"line":466,"column":22}},"loc":{"start":{"line":466,"column":85},"end":{"line":471,"column":3}}},"29":{"name":"(anonymous_31)","decl":{"start":{"line":473,"column":10},"end":{"line":473,"column":15}},"loc":{"start":{"line":473,"column":26},"end":{"line":475,"column":3}}},"30":{"name":"(anonymous_32)","decl":{"start":{"line":474,"column":23},"end":{"line":474,"column":24}},"loc":{"start":{"line":474,"column":36},"end":{"line":474,"column":59}}}},"branchMap":{"0":{"loc":{"start":{"line":51,"column":29},"end":{"line":51,"column":57}},"type":"default-arg","locations":[{"start":{"line":51,"column":53},"end":{"line":51,"column":57}}]},"1":{"loc":{"start":{"line":51,"column":59},"end":{"line":51,"column":97}},"type":"default-arg","locations":[{"start":{"line":51,"column":95},"end":{"line":51,"column":97}}]},"2":{"loc":{"start":{"line":92,"column":4},"end":{"line":92,"column":26}},"type":"if","locations":[{"start":{"line":92,"column":4},"end":{"line":92,"column":26}}]},"3":{"loc":{"start":{"line":93,"column":4},"end":{"line":93,"column":53}},"type":"if","locations":[{"start":{"line":93,"column":4},"end":{"line":93,"column":53}}]},"4":{"loc":{"start":{"line":95,"column":4},"end":{"line":98,"column":5}},"type":"if","locations":[{"start":{"line":95,"column":4},"end":{"line":98,"column":5}}]},"5":{"loc":{"start":{"line":106,"column":4},"end":{"line":106,"column":66}},"type":"if","locations":[{"start":{"line":106,"column":4},"end":{"line":106,"column":66}}]},"6":{"loc":{"start":{"line":108,"column":4},"end":{"line":110,"column":5}},"type":"if","locations":[{"start":{"line":108,"column":4},"end":{"line":110,"column":5}}]},"7":{"loc":{"start":{"line":125,"column":8},"end":{"line":135,"column":9}},"type":"if","locations":[{"start":{"line":125,"column":8},"end":{"line":135,"column":9}}]},"8":{"loc":{"start":{"line":128,"column":26},"end":{"line":128,"column":90}},"type":"cond-expr","locations":[{"start":{"line":128,"column":41},"end":{"line":128,"column":86}},{"start":{"line":128,"column":89},"end":{"line":128,"column":90}}]},"9":{"loc":{"start":{"line":146,"column":24},"end":{"line":146,"column":99}},"type":"binary-expr","locations":[{"start":{"line":146,"column":24},"end":{"line":146,"column":48}},{"start":{"line":146,"column":52},"end":{"line":146,"column":99}}]},"10":{"loc":{"start":{"line":154,"column":8},"end":{"line":166,"column":9}},"type":"if","locations":[{"start":{"line":154,"column":8},"end":{"line":166,"column":9}}]},"11":{"loc":{"start":{"line":155,"column":10},"end":{"line":160,"column":11}},"type":"if","locations":[{"start":{"line":155,"column":10},"end":{"line":160,"column":11}}]},"12":{"loc":{"start":{"line":174,"column":10},"end":{"line":174,"column":52}},"type":"if","locations":[{"start":{"line":174,"column":10},"end":{"line":174,"column":52}}]},"13":{"loc":{"start":{"line":179,"column":34},"end":{"line":179,"column":46}},"type":"binary-expr","locations":[{"start":{"line":179,"column":34},"end":{"line":179,"column":40}},{"start":{"line":179,"column":44},"end":{"line":179,"column":46}}]},"14":{"loc":{"start":{"line":183,"column":24},"end":{"line":183,"column":72}},"type":"cond-expr","locations":[{"start":{"line":183,"column":47},"end":{"line":183,"column":58}},{"start":{"line":183,"column":61},"end":{"line":183,"column":72}}]},"15":{"loc":{"start":{"line":184,"column":12},"end":{"line":187,"column":13}},"type":"if","locations":[{"start":{"line":184,"column":12},"end":{"line":187,"column":13}}]},"16":{"loc":{"start":{"line":201,"column":8},"end":{"line":212,"column":9}},"type":"if","locations":[{"start":{"line":201,"column":8},"end":{"line":212,"column":9}}]},"17":{"loc":{"start":{"line":205,"column":26},"end":{"line":205,"column":90}},"type":"cond-expr","locations":[{"start":{"line":205,"column":41},"end":{"line":205,"column":86}},{"start":{"line":205,"column":89},"end":{"line":205,"column":90}}]},"18":{"loc":{"start":{"line":214,"column":8},"end":{"line":242,"column":9}},"type":"if","locations":[{"start":{"line":214,"column":8},"end":{"line":242,"column":9}},{"start":{"line":222,"column":15},"end":{"line":242,"column":9}}]},"19":{"loc":{"start":{"line":223,"column":10},"end":{"line":241,"column":11}},"type":"if","locations":[{"start":{"line":223,"column":10},"end":{"line":241,"column":11}},{"start":{"line":231,"column":17},"end":{"line":241,"column":11}}]},"20":{"loc":{"start":{"line":256,"column":4},"end":{"line":256,"column":26}},"type":"if","locations":[{"start":{"line":256,"column":4},"end":{"line":256,"column":26}}]},"21":{"loc":{"start":{"line":258,"column":4},"end":{"line":260,"column":5}},"type":"if","locations":[{"start":{"line":258,"column":4},"end":{"line":260,"column":5}}]},"22":{"loc":{"start":{"line":258,"column":8},"end":{"line":258,"column":115}},"type":"binary-expr","locations":[{"start":{"line":258,"column":8},"end":{"line":258,"column":33}},{"start":{"line":258,"column":37},"end":{"line":258,"column":59}},{"start":{"line":258,"column":63},"end":{"line":258,"column":86}},{"start":{"line":258,"column":90},"end":{"line":258,"column":115}}]},"23":{"loc":{"start":{"line":264,"column":4},"end":{"line":273,"column":5}},"type":"if","locations":[{"start":{"line":264,"column":4},"end":{"line":273,"column":5}}]},"24":{"loc":{"start":{"line":264,"column":8},"end":{"line":264,"column":57}},"type":"binary-expr","locations":[{"start":{"line":264,"column":8},"end":{"line":264,"column":31}},{"start":{"line":264,"column":35},"end":{"line":264,"column":57}}]},"25":{"loc":{"start":{"line":267,"column":22},"end":{"line":267,"column":86}},"type":"cond-expr","locations":[{"start":{"line":267,"column":37},"end":{"line":267,"column":82}},{"start":{"line":267,"column":85},"end":{"line":267,"column":86}}]},"26":{"loc":{"start":{"line":288,"column":4},"end":{"line":290,"column":5}},"type":"if","locations":[{"start":{"line":288,"column":4},"end":{"line":290,"column":5}}]},"27":{"loc":{"start":{"line":291,"column":4},"end":{"line":293,"column":5}},"type":"if","locations":[{"start":{"line":291,"column":4},"end":{"line":293,"column":5}}]},"28":{"loc":{"start":{"line":299,"column":4},"end":{"line":301,"column":5}},"type":"if","locations":[{"start":{"line":299,"column":4},"end":{"line":301,"column":5}}]},"29":{"loc":{"start":{"line":302,"column":4},"end":{"line":304,"column":5}},"type":"if","locations":[{"start":{"line":302,"column":4},"end":{"line":304,"column":5}}]},"30":{"loc":{"start":{"line":305,"column":4},"end":{"line":307,"column":5}},"type":"if","locations":[{"start":{"line":305,"column":4},"end":{"line":307,"column":5}}]},"31":{"loc":{"start":{"line":305,"column":8},"end":{"line":305,"column":43}},"type":"binary-expr","locations":[{"start":{"line":305,"column":8},"end":{"line":305,"column":22}},{"start":{"line":305,"column":26},"end":{"line":305,"column":43}}]},"32":{"loc":{"start":{"line":313,"column":13},"end":{"line":313,"column":86}},"type":"binary-expr","locations":[{"start":{"line":313,"column":13},"end":{"line":313,"column":35}},{"start":{"line":313,"column":39},"end":{"line":313,"column":60}},{"start":{"line":313,"column":64},"end":{"line":313,"column":86}}]},"33":{"loc":{"start":{"line":325,"column":6},"end":{"line":325,"column":63}},"type":"if","locations":[{"start":{"line":325,"column":6},"end":{"line":325,"column":63}}]},"34":{"loc":{"start":{"line":326,"column":6},"end":{"line":326,"column":57}},"type":"if","locations":[{"start":{"line":326,"column":6},"end":{"line":326,"column":57}}]},"35":{"loc":{"start":{"line":330,"column":26},"end":{"line":330,"column":88}},"type":"cond-expr","locations":[{"start":{"line":330,"column":47},"end":{"line":330,"column":84}},{"start":{"line":330,"column":87},"end":{"line":330,"column":88}}]},"36":{"loc":{"start":{"line":346,"column":13},"end":{"line":346,"column":86}},"type":"binary-expr","locations":[{"start":{"line":346,"column":13},"end":{"line":346,"column":35}},{"start":{"line":346,"column":39},"end":{"line":346,"column":60}},{"start":{"line":346,"column":64},"end":{"line":346,"column":86}}]},"37":{"loc":{"start":{"line":389,"column":4},"end":{"line":389,"column":44}},"type":"if","locations":[{"start":{"line":389,"column":4},"end":{"line":389,"column":44}}]},"38":{"loc":{"start":{"line":398,"column":18},"end":{"line":398,"column":63}},"type":"cond-expr","locations":[{"start":{"line":398,"column":46},"end":{"line":398,"column":49}},{"start":{"line":398,"column":52},"end":{"line":398,"column":63}}]},"39":{"loc":{"start":{"line":402,"column":4},"end":{"line":409,"column":5}},"type":"if","locations":[{"start":{"line":402,"column":4},"end":{"line":409,"column":5}},{"start":{"line":405,"column":11},"end":{"line":409,"column":5}}]},"40":{"loc":{"start":{"line":405,"column":11},"end":{"line":409,"column":5}},"type":"if","locations":[{"start":{"line":405,"column":11},"end":{"line":409,"column":5}},{"start":{"line":407,"column":11},"end":{"line":409,"column":5}}]},"41":{"loc":{"start":{"line":407,"column":11},"end":{"line":409,"column":5}},"type":"if","locations":[{"start":{"line":407,"column":11},"end":{"line":409,"column":5}}]},"42":{"loc":{"start":{"line":424,"column":6},"end":{"line":437,"column":7}},"type":"if","locations":[{"start":{"line":424,"column":6},"end":{"line":437,"column":7}}]},"43":{"loc":{"start":{"line":424,"column":10},"end":{"line":424,"column":39}},"type":"binary-expr","locations":[{"start":{"line":424,"column":10},"end":{"line":424,"column":12}},{"start":{"line":424,"column":16},"end":{"line":424,"column":39}}]},"44":{"loc":{"start":{"line":427,"column":24},"end":{"line":427,"column":88}},"type":"cond-expr","locations":[{"start":{"line":427,"column":39},"end":{"line":427,"column":84}},{"start":{"line":427,"column":87},"end":{"line":427,"column":88}}]},"45":{"loc":{"start":{"line":445,"column":4},"end":{"line":448,"column":5}},"type":"if","locations":[{"start":{"line":445,"column":4},"end":{"line":448,"column":5}}]},"46":{"loc":{"start":{"line":454,"column":4},"end":{"line":456,"column":5}},"type":"if","locations":[{"start":{"line":454,"column":4},"end":{"line":456,"column":5}}]},"47":{"loc":{"start":{"line":460,"column":4},"end":{"line":460,"column":60}},"type":"if","locations":[{"start":{"line":460,"column":4},"end":{"line":460,"column":60}}]},"48":{"loc":{"start":{"line":460,"column":8},"end":{"line":460,"column":51}},"type":"binary-expr","locations":[{"start":{"line":460,"column":8},"end":{"line":460,"column":33}},{"start":{"line":460,"column":37},"end":{"line":460,"column":51}}]},"49":{"loc":{"start":{"line":467,"column":4},"end":{"line":467,"column":83}},"type":"if","locations":[{"start":{"line":467,"column":4},"end":{"line":467,"column":83}}]},"50":{"loc":{"start":{"line":467,"column":8},"end":{"line":467,"column":74}},"type":"binary-expr","locations":[{"start":{"line":467,"column":8},"end":{"line":467,"column":46}},{"start":{"line":467,"column":50},"end":{"line":467,"column":74}}]}},"s":{"0":1,"1":1,"2":1,"3":1,"4":1,"5":1,"6":1,"7":67,"8":67,"9":67,"10":67,"11":67,"12":67,"13":67,"14":67,"15":67,"16":67,"17":67,"18":67,"19":67,"20":67,"21":119,"22":119,"23":119,"24":653,"25":119,"26":119,"27":119,"28":119,"29":119,"30":102,"31":102,"32":1,"33":101,"34":0,"35":101,"36":51,"37":51,"38":50,"39":50,"40":96,"41":96,"42":1,"43":95,"44":1,"45":94,"46":94,"47":94,"48":94,"49":94,"50":94,"51":94,"52":94,"53":94,"54":94,"55":464,"56":0,"57":0,"58":0,"59":0,"60":0,"61":0,"62":0,"63":0,"64":0,"65":464,"66":464,"67":464,"68":464,"69":464,"70":464,"71":464,"72":464,"73":464,"74":464,"75":4,"76":3,"77":3,"78":3,"79":3,"80":1,"81":1,"82":1,"83":1,"84":1,"85":460,"86":460,"87":460,"88":460,"89":460,"90":460,"91":471,"92":0,"93":471,"94":471,"95":471,"96":454,"97":454,"98":454,"99":16,"100":16,"101":11,"102":11,"103":459,"104":459,"105":459,"106":459,"107":459,"108":2,"109":2,"110":2,"111":2,"112":2,"113":2,"114":2,"115":2,"116":2,"117":2,"118":457,"119":452,"120":452,"121":452,"122":5,"123":1,"124":1,"125":1,"126":4,"127":4,"128":4,"129":4,"130":4,"131":86,"132":86,"133":86,"134":86,"135":93,"136":9,"137":9,"138":1,"139":8,"140":2,"141":6,"142":6,"143":4,"144":4,"145":4,"146":4,"147":4,"148":4,"149":4,"150":4,"151":6,"152":6,"153":7,"154":7,"155":7,"156":2,"157":4,"158":7,"159":1,"160":2,"161":7,"162":11,"163":11,"164":1,"165":2,"166":11,"167":2,"168":2,"169":11,"170":1,"171":11,"172":7,"173":8,"174":7,"175":7,"176":3,"177":3,"178":1,"179":3,"180":1,"181":7,"182":7,"183":7,"184":2,"185":1,"186":2,"187":1,"188":1,"189":72,"190":1,"191":72,"192":72,"193":72,"194":72,"195":72,"196":72,"197":72,"198":72,"199":72,"200":72,"201":345,"202":345,"203":53,"204":292,"205":292,"206":91,"207":91,"208":91,"209":91,"210":91,"211":91,"212":86,"213":86,"214":5,"215":5,"216":0,"217":0,"218":91,"219":91,"220":91,"221":94,"222":1,"223":1,"224":1,"225":1,"226":1,"227":1,"228":1,"229":1,"230":1,"231":1,"232":1,"233":94,"234":99,"235":99,"236":92,"237":92,"238":99,"239":98,"240":98,"241":5,"242":1282,"243":1254,"244":28,"245":28,"246":645,"247":631,"248":14,"249":14,"250":11,"251":11,"252":1,"253":1},"f":{"0":67,"1":119,"2":653,"3":102,"4":96,"5":9,"6":6,"7":7,"8":7,"9":4,"10":2,"11":11,"12":2,"13":2,"14":7,"15":8,"16":2,"17":1,"18":1,"19":1,"20":72,"21":345,"22":91,"23":94,"24":1,"25":99,"26":98,"27":1282,"28":645,"29":11,"30":11},"b":{"0":[109],"1":[118],"2":[1],"3":[0],"4":[51],"5":[1],"6":[1],"7":[0],"8":[0,0],"9":[464,9],"10":[4],"11":[3],"12":[0],"13":[454,5],"14":[16,0],"15":[11],"16":[2],"17":[2,0],"18":[452,5],"19":[1,4],"20":[1],"21":[2],"22":[8,7,7,7],"23":[4],"24":[6,5],"25":[0,4],"26":[2],"27":[1],"28":[1],"29":[2],"30":[1],"31":[11,1],"32":[8,8,7],"33":[1],"34":[1],"35":[1,6],"36":[1,1,0],"37":[53],"38":[0,91],"39":[86,5],"40":[5,0],"41":[0],"42":[1],"43":[1,1],"44":[1,0],"45":[92],"46":[5],"47":[1254],"48":[1282,1282],"49":[631],"50":[645,645]}}
}
