TN:
SF:src\modules\workflow\workflow.engine.ts
FN:43,(anonymous_2)
FN:51,(anonymous_3)
FN:55,(anonymous_4)
FN:90,(anonymous_5)
FN:104,(anonymous_6)
FN:254,(anonymous_7)
FN:278,(anonymous_8)
FN:282,(anonymous_9)
FN:286,(anonymous_10)
FN:289,(anonymous_11)
FN:292,(anonymous_12)
FN:297,(anonymous_13)
FN:300,(anonymous_14)
FN:303,(anonymous_15)
FN:311,(anonymous_16)
FN:313,(anonymous_17)
FN:344,(anonymous_18)
FN:346,(anonymous_19)
FN:356,(anonymous_20)
FN:367,(anonymous_21)
FN:371,(anonymous_22)
FN:387,(anonymous_23)
FN:394,(anonymous_24)
FN:421,(anonymous_25)
FN:422,(anonymous_26)
FN:443,(anonymous_27)
FN:452,(anonymous_28)
FN:459,(anonymous_29)
FN:466,(anonymous_30)
FN:473,(anonymous_31)
FN:474,(anonymous_32)
FNF:31
FNH:31
FNDA:67,(anonymous_2)
FNDA:119,(anonymous_3)
FNDA:653,(anonymous_4)
FNDA:102,(anonymous_5)
FNDA:96,(anonymous_6)
FNDA:9,(anonymous_7)
FNDA:6,(anonymous_8)
FNDA:7,(anonymous_9)
FNDA:7,(anonymous_10)
FNDA:4,(anonymous_11)
FNDA:2,(anonymous_12)
FNDA:11,(anonymous_13)
FNDA:2,(anonymous_14)
FNDA:2,(anonymous_15)
FNDA:7,(anonymous_16)
FNDA:8,(anonymous_17)
FNDA:2,(anonymous_18)
FNDA:1,(anonymous_19)
FNDA:1,(anonymous_20)
FNDA:1,(anonymous_21)
FNDA:72,(anonymous_22)
FNDA:345,(anonymous_23)
FNDA:91,(anonymous_24)
FNDA:94,(anonymous_25)
FNDA:1,(anonymous_26)
FNDA:99,(anonymous_27)
FNDA:98,(anonymous_28)
FNDA:1282,(anonymous_29)
FNDA:645,(anonymous_30)
FNDA:11,(anonymous_31)
FNDA:11,(anonymous_32)
DA:1,1
DA:12,1
DA:13,1
DA:14,1
DA:16,1
DA:18,1
DA:29,1
DA:31,67
DA:32,67
DA:33,67
DA:34,67
DA:35,67
DA:36,67
DA:37,67
DA:38,67
DA:39,67
DA:40,67
DA:41,67
DA:45,67
DA:46,67
DA:48,67
DA:52,119
DA:53,119
DA:55,653
DA:66,119
DA:82,119
DA:83,119
DA:85,119
DA:87,119
DA:91,102
DA:92,102
DA:93,101
DA:95,101
DA:96,51
DA:97,51
DA:100,50
DA:101,50
DA:105,96
DA:106,96
DA:108,95
DA:109,1
DA:112,94
DA:113,94
DA:115,94
DA:116,94
DA:118,94
DA:119,94
DA:121,94
DA:123,94
DA:124,94
DA:125,464
DA:126,0
DA:127,0
DA:128,0
DA:129,0
DA:130,0
DA:131,0
DA:132,0
DA:133,0
DA:134,0
DA:137,464
DA:138,464
DA:140,464
DA:141,464
DA:142,464
DA:143,464
DA:144,464
DA:146,464
DA:148,464
DA:154,464
DA:155,4
DA:156,3
DA:157,3
DA:158,3
DA:159,3
DA:161,1
DA:162,1
DA:163,1
DA:164,1
DA:165,1
DA:168,460
DA:169,460
DA:170,460
DA:172,460
DA:173,460
DA:174,471
DA:176,471
DA:177,471
DA:178,471
DA:179,454
DA:180,454
DA:181,454
DA:183,16
DA:184,16
DA:185,11
DA:186,11
DA:191,459
DA:192,459
DA:193,459
DA:195,459
DA:201,459
DA:202,2
DA:203,2
DA:204,2
DA:205,2
DA:206,2
DA:207,2
DA:208,2
DA:209,2
DA:210,2
DA:211,2
DA:214,457
DA:215,452
DA:216,452
DA:217,452
DA:223,5
DA:224,1
DA:225,1
DA:226,1
DA:232,4
DA:233,4
DA:234,4
DA:239,4
DA:240,4
DA:245,86
DA:246,86
DA:247,86
DA:248,86
DA:250,93
DA:255,9
DA:256,9
DA:258,8
DA:259,2
DA:262,6
DA:264,6
DA:265,4
DA:266,4
DA:267,4
DA:268,4
DA:269,4
DA:270,4
DA:271,4
DA:272,4
DA:275,6
DA:279,6
DA:283,7
DA:287,7
DA:288,7
DA:289,4
DA:291,7
DA:292,2
DA:294,7
DA:298,11
DA:299,11
DA:300,2
DA:302,11
DA:303,2
DA:305,11
DA:306,1
DA:308,11
DA:312,7
DA:313,8
DA:316,7
DA:323,7
DA:324,3
DA:325,3
DA:326,3
DA:329,7
DA:330,7
DA:332,7
DA:345,2
DA:346,1
DA:349,2
DA:357,1
DA:368,1
DA:372,72
DA:373,1
DA:375,72
DA:376,72
DA:377,72
DA:378,72
DA:379,72
DA:380,72
DA:381,72
DA:382,72
DA:383,72
DA:384,72
DA:388,345
DA:389,345
DA:390,292
DA:391,292
DA:395,91
DA:396,91
DA:397,91
DA:398,91
DA:400,91
DA:402,91
DA:403,86
DA:404,86
DA:405,5
DA:406,5
DA:407,0
DA:408,0
DA:411,91
DA:412,91
DA:413,91
DA:422,94
DA:423,1
DA:424,1
DA:425,1
DA:426,1
DA:427,1
DA:428,1
DA:429,1
DA:430,1
DA:431,1
DA:436,1
DA:438,1
DA:440,94
DA:444,99
DA:445,99
DA:446,92
DA:447,92
DA:449,99
DA:453,98
DA:454,98
DA:455,5
DA:460,1282
DA:461,28
DA:462,28
DA:467,645
DA:468,14
DA:469,14
DA:474,11
LF:234
LH:223
BRDA:51,0,0,109
BRDA:51,1,0,118
BRDA:92,2,0,1
BRDA:93,3,0,0
BRDA:95,4,0,51
BRDA:106,5,0,1
BRDA:108,6,0,1
BRDA:125,7,0,0
BRDA:128,8,0,0
BRDA:128,8,1,0
BRDA:146,9,0,464
BRDA:146,9,1,9
BRDA:154,10,0,4
BRDA:155,11,0,3
BRDA:174,12,0,0
BRDA:179,13,0,454
BRDA:179,13,1,5
BRDA:183,14,0,16
BRDA:183,14,1,0
BRDA:184,15,0,11
BRDA:201,16,0,2
BRDA:205,17,0,2
BRDA:205,17,1,0
BRDA:214,18,0,452
BRDA:214,18,1,5
BRDA:223,19,0,1
BRDA:223,19,1,4
BRDA:256,20,0,1
BRDA:258,21,0,2
BRDA:258,22,0,8
BRDA:258,22,1,7
BRDA:258,22,2,7
BRDA:258,22,3,7
BRDA:264,23,0,4
BRDA:264,24,0,6
BRDA:264,24,1,5
BRDA:267,25,0,0
BRDA:267,25,1,4
BRDA:288,26,0,2
BRDA:291,27,0,1
BRDA:299,28,0,1
BRDA:302,29,0,2
BRDA:305,30,0,1
BRDA:305,31,0,11
BRDA:305,31,1,1
BRDA:313,32,0,8
BRDA:313,32,1,8
BRDA:313,32,2,7
BRDA:325,33,0,1
BRDA:326,34,0,1
BRDA:330,35,0,1
BRDA:330,35,1,6
BRDA:346,36,0,1
BRDA:346,36,1,1
BRDA:346,36,2,0
BRDA:389,37,0,53
BRDA:398,38,0,0
BRDA:398,38,1,91
BRDA:402,39,0,86
BRDA:402,39,1,5
BRDA:405,40,0,5
BRDA:405,40,1,0
BRDA:407,41,0,0
BRDA:424,42,0,1
BRDA:424,43,0,1
BRDA:424,43,1,1
BRDA:427,44,0,1
BRDA:427,44,1,0
BRDA:445,45,0,92
BRDA:454,46,0,5
BRDA:460,47,0,1254
BRDA:460,48,0,1282
BRDA:460,48,1,1282
BRDA:467,49,0,631
BRDA:467,50,0,645
BRDA:467,50,1,645
BRF:76
BRH:63
end_of_record
